#
# A fatal error has been detected by the Java Runtime Environment:
#
#  EXCEPTION_ACCESS_VIOLATION (0xc0000005) at pc=0x0000000180005b00, pid=14200, tid=8304
#
# JRE version: Java(TM) SE Runtime Environment (10.0.2+13) (build 10.0.2+13)
# Java VM: Java HotSpot(TM) 64-Bit Server VM (10.0.2+13, mixed mode, tiered, compressed oops, g1 gc, windows-amd64)
# Problematic frame:
# C  [rxtxSerial.dll+0x5b00]
#
# No core dump will be written. Minidumps are not enabled by default on client versions of Windows
#
# If you would like to submit a bug report, please visit:
#   http://bugreport.java.com/bugreport/crash.jsp
# The crash happened outside the Java Virtual Machine in native code.
# See problematic frame for where to report the bug.
#

---------------  S U M M A R Y ------------

Command Line: -Djava.library.path=C:\Users\Asama\Desktop\sensorSimulator_datakommunication -javaagent:C:\Program Files\JetBrains\IntelliJ IDEA 2018.2.2\lib\idea_rt.jar=56752:C:\Program Files\JetBrains\IntelliJ IDEA 2018.2.2\bin -Dfile.encoding=UTF-8 SerialTest

Host: Intel(R) Core(TM) i7-4700HQ CPU @ 2.40GHz, 8 cores, 7G,  Windows 10 , 64 bit Build 17134 (10.0.17134.706)
Time: Fri May 03 17:16:40 2019 Rom, sommertid elapsed time: 89 seconds (0d 0h 1m 29s)

---------------  T H R E A D  ---------------

Current thread (0x000001ec7c814000):  JavaThread "Thread-0" [_thread_in_native, id=8304, stack(0x00000090ae400000,0x00000090ae500000)]

Stack: [0x00000090ae400000,0x00000090ae500000],  sp=0x00000090ae4fdd70,  free space=1015k
Native frames: (J=compiled Java code, j=interpreted, Vv=VM code, C=native code)
C  [rxtxSerial.dll+0x5b00]

Java frames: (J=compiled Java code, j=interpreted, Vv=VM code)
j  gnu.io.RXTXPort.readArray([BII)I+0
j  gnu.io.RXTXPort$SerialInputStream.read([BII)I+212
j  sun.nio.cs.StreamDecoder.readBytes()I+135 java.base@10.0.2
j  sun.nio.cs.StreamDecoder.implRead([CII)I+112 java.base@10.0.2
j  sun.nio.cs.StreamDecoder.read([CII)I+180 java.base@10.0.2
j  java.io.InputStreamReader.read([CII)I+7 java.base@10.0.2
j  java.io.BufferedReader.fill()V+145 java.base@10.0.2
j  java.io.BufferedReader.readLine(Z)Ljava/lang/String;+44 java.base@10.0.2
j  java.io.BufferedReader.readLine()Ljava/lang/String;+2 java.base@10.0.2
j  SerialTest.serialEvent(Lgnu/io/SerialPortEvent;)V+24
j  gnu.io.RXTXPort.sendEvent(IZ)Z+382
v  ~StubRoutines::call_stub
j  gnu.io.RXTXPort.eventLoop()V+0
j  gnu.io.RXTXPort$MonitorThread.run()V+12
v  ~StubRoutines::call_stub

siginfo: EXCEPTION_ACCESS_VIOLATION (0xc0000005), reading address 0xffffffffae4feba8


Register to memory mapping:

RIP=0x0000000180005b00 rxtxSerial.dll
RAX=0x0000000000000001 is an unknown value
RBX=0x0000000000000000 is an unknown value
RCX=0x000000018001d4d5 rxtxSerial.dll
RDX=0xfffffffffffff665 is an unknown value
RSP=0x00000090ae4fdd70 is pointing into the stack for thread: 0x000001ec7c814000
RBP=
[error occurred during error reporting (printing register info), id 0xc0000005]

Registers:
RAX=0x0000000000000001, RBX=0x0000000000000000, RCX=0x000000018001d4d5, RDX=0xfffffffffffff665
RSP=0x00000090ae4fdd70, RBP=0x00000000ffffffff, RSI=0x0000000000000000, RDI=0x000001ec7c814270
R8 =0x0000000000000002, R9 =0xfffffffffffff63c, R10=0x000000000000000a, R11=0x8101010101010100
R12=0xffffffffae4feba0, R13=0x000000000000000b, R14=0x00000090ae4fdf58, R15=0x0000000000000000
RIP=0x0000000180005b00, EFLAGS=0x0000000000010202

Top of Stack: (sp=0x00000090ae4fdd70)
0x00000090ae4fdd70:   0000000000000000 0000000000000000
0x00000090ae4fdd80:   00000090ae4fdf60 0000000000000000
0x00000090ae4fdd90:   0000000000000000 00000090ae4fdf58
0x00000090ae4fdda0:   000001ec7c0b4170 0000000000000001
0x00000090ae4fddb0:   000001ec7c814270 000000000000000b
0x00000090ae4fddc0:   ffffffffffffffff 0000000180006211
0x00000090ae4fddd0:   000001ec7cba1ed0 0000000000000000
0x00000090ae4fdde0:   ffffffff00000001 000001ec7cba1ed0
0x00000090ae4fddf0:   000000900000000b 00000000ffffffff
0x00000090ae4fde00:   00000090ae4fdf60 000001ec7c0b4178
0x00000090ae4fde10:   000001ec7c0b4178 000001ec7c8158f0
0x00000090ae4fde20:   00000090ae4fe7e8 00000000778f46e3
0x00000090ae4fde30:   000001ec7c814000 0000000077ae9277
0x00000090ae4fde40:   3ff0000000000000 0000010800d92d56
0x00000090ae4fde50:   000001ec7c0b4178 000001ec7c0b4170
0x00000090ae4fde60:   000001ec7c814000 00000090ae4fdf60 

Instructions: (pc=0x0000000180005b00)
0x0000000180005ae0:   15 23 7a 01 00 48 8d 48 60 e8 3a 5d 00 00 4c 8b
0x0000000180005af0:   e5 8b ac 24 88 00 00 00 44 8b ac 24 80 00 00 00
0x0000000180005b00:   45 8b 74 24 08 41 89 5c 24 08 41 8b fd 85 ed 78
0x0000000180005b10:   09 ff 15 e9 14 01 00 44 8b f8 45 85 ed 7e 4a 90 



---------------  P R O C E S S  ---------------

Threads class SMR info:
_java_thread_list=0x000001ec7c8153e0, length=15, elements={
0x000001ec7bbb6000, 0x000001ec7bbbc000, 0x000001ec7c51b800, 0x000001ec7c51c000,
0x000001ec7c51d000, 0x000001ec7c525800, 0x000001ec7c51f800, 0x000001ec7c523800,
0x000001ec7c555000, 0x000001ec7c816000, 0x000001ec7c8ce800, 0x000001ec7c9d0800,
0x000001ec7c814000, 0x000001ec7c874800, 0x000001ec59f3b000
}

Java Threads: ( => current thread )
  0x000001ec7bbb6000 JavaThread "Reference Handler" daemon [_thread_blocked, id=14004, stack(0x00000090ad700000,0x00000090ad800000)]
  0x000001ec7bbbc000 JavaThread "Finalizer" daemon [_thread_blocked, id=11452, stack(0x00000090ad800000,0x00000090ad900000)]
  0x000001ec7c51b800 JavaThread "Signal Dispatcher" daemon [_thread_blocked, id=9652, stack(0x00000090ad900000,0x00000090ada00000)]
  0x000001ec7c51c000 JavaThread "Attach Listener" daemon [_thread_blocked, id=11044, stack(0x00000090ada00000,0x00000090adb00000)]
  0x000001ec7c51d000 JavaThread "C2 CompilerThread0" daemon [_thread_blocked, id=12592, stack(0x00000090adb00000,0x00000090adc00000)]
  0x000001ec7c525800 JavaThread "C2 CompilerThread1" daemon [_thread_blocked, id=1416, stack(0x00000090adc00000,0x00000090add00000)]
  0x000001ec7c51f800 JavaThread "C2 CompilerThread2" daemon [_thread_blocked, id=268, stack(0x00000090add00000,0x00000090ade00000)]
  0x000001ec7c523800 JavaThread "C1 CompilerThread3" daemon [_thread_blocked, id=9976, stack(0x00000090ade00000,0x00000090adf00000)]
  0x000001ec7c555000 JavaThread "Sweeper thread" daemon [_thread_blocked, id=3608, stack(0x00000090adf00000,0x00000090ae000000)]
  0x000001ec7c816000 JavaThread "Common-Cleaner" daemon [_thread_blocked, id=14936, stack(0x00000090ae000000,0x00000090ae100000)]
  0x000001ec7c8ce800 JavaThread "Monitor Ctrl-Break" daemon [_thread_in_native, id=7568, stack(0x00000090ae100000,0x00000090ae200000)]
  0x000001ec7c9d0800 JavaThread "Service Thread" daemon [_thread_blocked, id=12920, stack(0x00000090ae200000,0x00000090ae300000)]
=>0x000001ec7c814000 JavaThread "Thread-0" [_thread_in_native, id=8304, stack(0x00000090ae400000,0x00000090ae500000)]
  0x000001ec7c874800 JavaThread "Thread-1" [_thread_blocked, id=2596, stack(0x00000090ae500000,0x00000090ae600000)]
  0x000001ec59f3b000 JavaThread "DestroyJavaVM" [_thread_blocked, id=1664, stack(0x00000090ac100000,0x00000090ac200000)]

Other Threads:
  0x000001ec7bba6000 VMThread "VM Thread" [stack: 0x00000090ad600000,0x00000090ad700000] [id=9792]
  0x000001ec7c9d3000 WatcherThread [stack: 0x00000090ae300000,0x00000090ae400000] [id=15732]
  0x000001ec59f53000 GCTaskThread "GC Thread#0" [stack: 0x00000090ac200000,0x00000090ac300000] [id=4956]
  0x000001ec59f55800 GCTaskThread "GC Thread#1" [stack: 0x00000090ac300000,0x00000090ac400000] [id=15168]
  0x000001ec59f59000 GCTaskThread "GC Thread#2" [stack: 0x00000090ac400000,0x00000090ac500000] [id=10232]
  0x000001ec59f5c800 GCTaskThread "GC Thread#3" [stack: 0x00000090ac500000,0x00000090ac600000] [id=14668]
  0x000001ec59f63800 GCTaskThread "GC Thread#4" [stack: 0x00000090ac600000,0x00000090ac700000] [id=12332]
  0x000001ec59f67800 GCTaskThread "GC Thread#5" [stack: 0x00000090ac700000,0x00000090ac800000] [id=12476]
  0x000001ec59f69000 GCTaskThread "GC Thread#6" [stack: 0x00000090ac800000,0x00000090ac900000] [id=4740]
  0x000001ec59f6a800 GCTaskThread "GC Thread#7" [stack: 0x00000090ac900000,0x00000090aca00000] [id=13728]
  0x000001ec59fd9000 ConcurrentGCThread "G1 Main Marker" [stack: 0x00000090aca00000,0x00000090acb00000] [id=14608]
  0x000001ec59fda000 ConcurrentGCThread "G1 Conc#0" [stack: 0x00000090acb00000,0x00000090acc00000] [id=15952]
  0x000001ec59fdb000 ConcurrentGCThread "G1 Conc#1" [stack: 0x00000090acc00000,0x00000090acd00000] [id=15480]
  0x000001ec5a00e000 ConcurrentGCThread "G1 Refine#0" [stack: 0x00000090acd00000,0x00000090ace00000] [id=14604]
  0x000001ec7ba27800 ConcurrentGCThread "G1 Refine#1" [stack: 0x00000090ace00000,0x00000090acf00000] [id=5084]
  0x000001ec7ba28000 ConcurrentGCThread "G1 Refine#2" [stack: 0x00000090acf00000,0x00000090ad000000] [id=11496]
  0x000001ec7ba29800 ConcurrentGCThread "G1 Refine#3" [stack: 0x00000090ad000000,0x00000090ad100000] [id=16060]
  0x000001ec7ba2c800 ConcurrentGCThread "G1 Refine#4" [stack: 0x00000090ad100000,0x00000090ad200000] [id=11000]
  0x000001ec7ba2d000 ConcurrentGCThread "G1 Refine#5" [stack: 0x00000090ad200000,0x00000090ad300000] [id=1084]
  0x000001ec7ba2f800 ConcurrentGCThread "G1 Refine#6" [stack: 0x00000090ad300000,0x00000090ad400000] [id=580]
  0x000001ec7ba30800 ConcurrentGCThread "G1 Refine#7" [stack: 0x00000090ad400000,0x00000090ad500000] [id=15132]
  0x000001ec7ba31000 ConcurrentGCThread "G1 Young RemSet Sampling" [stack: 0x00000090ad500000,0x00000090ad600000] [id=16372]

Threads with active compile tasks:

VM state:not at safepoint (normal execution)

VM Mutex/Monitor currently owned by a thread: None

Heap address: 0x0000000081400000, size: 2028 MB, Compressed Oops mode: 32-bit
Narrow klass base: 0x0000000000000000, Narrow klass shift: 3
Compressed class space size: 1073741824 Address: 0x0000000100000000

Heap:
 garbage-first heap   total 131072K, used 3072K [0x0000000081400000, 0x0000000100000000)
  region size 1024K, 4 young (4096K), 0 survivors (0K)
 Metaspace       used 5621K, capacity 5680K, committed 6016K, reserved 1056768K
  class space    used 482K, capacity 528K, committed 640K, reserved 1048576K
Heap Regions: E=young(eden), S=young(survivor), O=old, HS=humongous(starts), HC=humongous(continues), CS=collection set, F=free, A=archive, TS=gc time stamp, AC=allocation context, TAMS=top-at-mark-start (previous, next)
|   0|0x0000000081400000, 0x0000000081400000, 0x0000000081500000|  0%| F|  |TS  0|AC  0|TAMS 0x0000000081400000, 0x0000000081400000|
|   1|0x0000000081500000, 0x0000000081500000, 0x0000000081600000|  0%| F|  |TS  0|AC  0|TAMS 0x0000000081500000, 0x0000000081500000|
|   2|0x0000000081600000, 0x0000000081600000, 0x0000000081700000|  0%| F|  |TS  0|AC  0|TAMS 0x0000000081600000, 0x0000000081600000|
|   3|0x0000000081700000, 0x0000000081700000, 0x0000000081800000|  0%| F|  |TS  0|AC  0|TAMS 0x0000000081700000, 0x0000000081700000|
|   4|0x0000000081800000, 0x0000000081800000, 0x0000000081900000|  0%| F|  |TS  0|AC  0|TAMS 0x0000000081800000, 0x0000000081800000|
|   5|0x0000000081900000, 0x0000000081900000, 0x0000000081a00000|  0%| F|  |TS  0|AC  0|TAMS 0x0000000081900000, 0x0000000081900000|
|   6|0x0000000081a00000, 0x0000000081a00000, 0x0000000081b00000|  0%| F|  |TS  0|AC  0|TAMS 0x0000000081a00000, 0x0000000081a00000|
|   7|0x0000000081b00000, 0x0000000081b00000, 0x0000000081c00000|  0%| F|  |TS  0|AC  0|TAMS 0x0000000081b00000, 0x0000000081b00000|
|   8|0x0000000081c00000, 0x0000000081c00000, 0x0000000081d00000|  0%| F|  |TS  0|AC  0|TAMS 0x0000000081c00000, 0x0000000081c00000|
|   9|0x0000000081d00000, 0x0000000081d00000, 0x0000000081e00000|  0%| F|  |TS  0|AC  0|TAMS 0x0000000081d00000, 0x0000000081d00000|
|  10|0x0000000081e00000, 0x0000000081e00000, 0x0000000081f00000|  0%| F|  |TS  0|AC  0|TAMS 0x0000000081e00000, 0x0000000081e00000|
|  11|0x0000000081f00000, 0x0000000081f00000, 0x0000000082000000|  0%| F|  |TS  0|AC  0|TAMS 0x0000000081f00000, 0x0000000081f00000|
|  12|0x0000000082000000, 0x0000000082000000, 0x0000000082100000|  0%| F|  |TS  0|AC  0|TAMS 0x0000000082000000, 0x0000000082000000|
|  13|0x0000000082100000, 0x0000000082100000, 0x0000000082200000|  0%| F|  |TS  0|AC  0|TAMS 0x0000000082100000, 0x0000000082100000|
|  14|0x0000000082200000, 0x0000000082200000, 0x0000000082300000|  0%| F|  |TS  0|AC  0|TAMS 0x0000000082200000, 0x0000000082200000|
|  15|0x0000000082300000, 0x0000000082300000, 0x0000000082400000|  0%| F|  |TS  0|AC  0|TAMS 0x0000000082300000, 0x0000000082300000|
|  16|0x0000000082400000, 0x0000000082400000, 0x0000000082500000|  0%| F|  |TS  0|AC  0|TAMS 0x0000000082400000, 0x0000000082400000|
|  17|0x0000000082500000, 0x0000000082500000, 0x0000000082600000|  0%| F|  |TS  0|AC  0|TAMS 0x0000000082500000, 0x0000000082500000|
|  18|0x0000000082600000, 0x0000000082600000, 0x0000000082700000|  0%| F|  |TS  0|AC  0|TAMS 0x0000000082600000, 0x0000000082600000|
|  19|0x0000000082700000, 0x0000000082700000, 0x0000000082800000|  0%| F|  |TS  0|AC  0|TAMS 0x0000000082700000, 0x0000000082700000|
|  20|0x0000000082800000, 0x0000000082800000, 0x0000000082900000|  0%| F|  |TS  0|AC  0|TAMS 0x0000000082800000, 0x0000000082800000|
|  21|0x0000000082900000, 0x0000000082900000, 0x0000000082a00000|  0%| F|  |TS  0|AC  0|TAMS 0x0000000082900000, 0x0000000082900000|
|  22|0x0000000082a00000, 0x0000000082a00000, 0x0000000082b00000|  0%| F|  |TS  0|AC  0|TAMS 0x0000000082a00000, 0x0000000082a00000|
|  23|0x0000000082b00000, 0x0000000082b00000, 0x0000000082c00000|  0%| F|  |TS  0|AC  0|TAMS 0x0000000082b00000, 0x0000000082b00000|
|  24|0x0000000082c00000, 0x0000000082c00000, 0x0000000082d00000|  0%| F|  |TS  0|AC  0|TAMS 0x0000000082c00000, 0x0000000082c00000|
|  25|0x0000000082d00000, 0x0000000082d00000, 0x0000000082e00000|  0%| F|  |TS  0|AC  0|TAMS 0x0000000082d00000, 0x0000000082d00000|
|  26|0x0000000082e00000, 0x0000000082e00000, 0x0000000082f00000|  0%| F|  |TS  0|AC  0|TAMS 0x0000000082e00000, 0x0000000082e00000|
|  27|0x0000000082f00000, 0x0000000082f00000, 0x0000000083000000|  0%| F|  |TS  0|AC  0|TAMS 0x0000000082f00000, 0x0000000082f00000|
|  28|0x0000000083000000, 0x0000000083000000, 0x0000000083100000|  0%| F|  |TS  0|AC  0|TAMS 0x0000000083000000, 0x0000000083000000|
|  29|0x0000000083100000, 0x0000000083100000, 0x0000000083200000|  0%| F|  |TS  0|AC  0|TAMS 0x0000000083100000, 0x0000000083100000|
|  30|0x0000000083200000, 0x0000000083200000, 0x0000000083300000|  0%| F|  |TS  0|AC  0|TAMS 0x0000000083200000, 0x0000000083200000|
|  31|0x0000000083300000, 0x0000000083300000, 0x0000000083400000|  0%| F|  |TS  0|AC  0|TAMS 0x0000000083300000, 0x0000000083300000|
|  32|0x0000000083400000, 0x0000000083400000, 0x0000000083500000|  0%| F|  |TS  0|AC  0|TAMS 0x0000000083400000, 0x0000000083400000|
|  33|0x0000000083500000, 0x0000000083500000, 0x0000000083600000|  0%| F|  |TS  0|AC  0|TAMS 0x0000000083500000, 0x0000000083500000|
|  34|0x0000000083600000, 0x0000000083600000, 0x0000000083700000|  0%| F|  |TS  0|AC  0|TAMS 0x0000000083600000, 0x0000000083600000|
|  35|0x0000000083700000, 0x0000000083700000, 0x0000000083800000|  0%| F|  |TS  0|AC  0|TAMS 0x0000000083700000, 0x0000000083700000|
|  36|0x0000000083800000, 0x0000000083800000, 0x0000000083900000|  0%| F|  |TS  0|AC  0|TAMS 0x0000000083800000, 0x0000000083800000|
|  37|0x0000000083900000, 0x0000000083900000, 0x0000000083a00000|  0%| F|  |TS  0|AC  0|TAMS 0x0000000083900000, 0x0000000083900000|
|  38|0x0000000083a00000, 0x0000000083a00000, 0x0000000083b00000|  0%| F|  |TS  0|AC  0|TAMS 0x0000000083a00000, 0x0000000083a00000|
|  39|0x0000000083b00000, 0x0000000083b00000, 0x0000000083c00000|  0%| F|  |TS  0|AC  0|TAMS 0x0000000083b00000, 0x0000000083b00000|
|  40|0x0000000083c00000, 0x0000000083c00000, 0x0000000083d00000|  0%| F|  |TS  0|AC  0|TAMS 0x0000000083c00000, 0x0000000083c00000|
|  41|0x0000000083d00000, 0x0000000083d00000, 0x0000000083e00000|  0%| F|  |TS  0|AC  0|TAMS 0x0000000083d00000, 0x0000000083d00000|
|  42|0x0000000083e00000, 0x0000000083e00000, 0x0000000083f00000|  0%| F|  |TS  0|AC  0|TAMS 0x0000000083e00000, 0x0000000083e00000|
|  43|0x0000000083f00000, 0x0000000083f00000, 0x0000000084000000|  0%| F|  |TS  0|AC  0|TAMS 0x0000000083f00000, 0x0000000083f00000|
|  44|0x0000000084000000, 0x0000000084000000, 0x0000000084100000|  0%| F|  |TS  0|AC  0|TAMS 0x0000000084000000, 0x0000000084000000|
|  45|0x0000000084100000, 0x0000000084100000, 0x0000000084200000|  0%| F|  |TS  0|AC  0|TAMS 0x0000000084100000, 0x0000000084100000|
|  46|0x0000000084200000, 0x0000000084200000, 0x0000000084300000|  0%| F|  |TS  0|AC  0|TAMS 0x0000000084200000, 0x0000000084200000|
|  47|0x0000000084300000, 0x0000000084300000, 0x0000000084400000|  0%| F|  |TS  0|AC  0|TAMS 0x0000000084300000, 0x0000000084300000|
|  48|0x0000000084400000, 0x0000000084400000, 0x0000000084500000|  0%| F|  |TS  0|AC  0|TAMS 0x0000000084400000, 0x0000000084400000|
|  49|0x0000000084500000, 0x0000000084500000, 0x0000000084600000|  0%| F|  |TS  0|AC  0|TAMS 0x0000000084500000, 0x0000000084500000|
|  50|0x0000000084600000, 0x0000000084600000, 0x0000000084700000|  0%| F|  |TS  0|AC  0|TAMS 0x0000000084600000, 0x0000000084600000|
|  51|0x0000000084700000, 0x0000000084700000, 0x0000000084800000|  0%| F|  |TS  0|AC  0|TAMS 0x0000000084700000, 0x0000000084700000|
|  52|0x0000000084800000, 0x0000000084800000, 0x0000000084900000|  0%| F|  |TS  0|AC  0|TAMS 0x0000000084800000, 0x0000000084800000|
|  53|0x0000000084900000, 0x0000000084900000, 0x0000000084a00000|  0%| F|  |TS  0|AC  0|TAMS 0x0000000084900000, 0x0000000084900000|
|  54|0x0000000084a00000, 0x0000000084a00000, 0x0000000084b00000|  0%| F|  |TS  0|AC  0|TAMS 0x0000000084a00000, 0x0000000084a00000|
|  55|0x0000000084b00000, 0x0000000084b00000, 0x0000000084c00000|  0%| F|  |TS  0|AC  0|TAMS 0x0000000084b00000, 0x0000000084b00000|
|  56|0x0000000084c00000, 0x0000000084c00000, 0x0000000084d00000|  0%| F|  |TS  0|AC  0|TAMS 0x0000000084c00000, 0x0000000084c00000|
|  57|0x0000000084d00000, 0x0000000084d00000, 0x0000000084e00000|  0%| F|  |TS  0|AC  0|TAMS 0x0000000084d00000, 0x0000000084d00000|
|  58|0x0000000084e00000, 0x0000000084e00000, 0x0000000084f00000|  0%| F|  |TS  0|AC  0|TAMS 0x0000000084e00000, 0x0000000084e00000|
|  59|0x0000000084f00000, 0x0000000084f00000, 0x0000000085000000|  0%| F|  |TS  0|AC  0|TAMS 0x0000000084f00000, 0x0000000084f00000|
|  60|0x0000000085000000, 0x0000000085000000, 0x0000000085100000|  0%| F|  |TS  0|AC  0|TAMS 0x0000000085000000, 0x0000000085000000|
|  61|0x0000000085100000, 0x0000000085100000, 0x0000000085200000|  0%| F|  |TS  0|AC  0|TAMS 0x0000000085100000, 0x0000000085100000|
|  62|0x0000000085200000, 0x0000000085200000, 0x0000000085300000|  0%| F|  |TS  0|AC  0|TAMS 0x0000000085200000, 0x0000000085200000|
|  63|0x0000000085300000, 0x0000000085300000, 0x0000000085400000|  0%| F|  |TS  0|AC  0|TAMS 0x0000000085300000, 0x0000000085300000|
|  64|0x0000000085400000, 0x0000000085400000, 0x0000000085500000|  0%| F|  |TS  0|AC  0|TAMS 0x0000000085400000, 0x0000000085400000|
|  65|0x0000000085500000, 0x0000000085500000, 0x0000000085600000|  0%| F|  |TS  0|AC  0|TAMS 0x0000000085500000, 0x0000000085500000|
|  66|0x0000000085600000, 0x0000000085600000, 0x0000000085700000|  0%| F|  |TS  0|AC  0|TAMS 0x0000000085600000, 0x0000000085600000|
|  67|0x0000000085700000, 0x0000000085700000, 0x0000000085800000|  0%| F|  |TS  0|AC  0|TAMS 0x0000000085700000, 0x0000000085700000|
|  68|0x0000000085800000, 0x0000000085800000, 0x0000000085900000|  0%| F|  |TS  0|AC  0|TAMS 0x0000000085800000, 0x0000000085800000|
|  69|0x0000000085900000, 0x0000000085900000, 0x0000000085a00000|  0%| F|  |TS  0|AC  0|TAMS 0x0000000085900000, 0x0000000085900000|
|  70|0x0000000085a00000, 0x0000000085a00000, 0x0000000085b00000|  0%| F|  |TS  0|AC  0|TAMS 0x0000000085a00000, 0x0000000085a00000|
|  71|0x0000000085b00000, 0x0000000085b00000, 0x0000000085c00000|  0%| F|  |TS  0|AC  0|TAMS 0x0000000085b00000, 0x0000000085b00000|
|  72|0x0000000085c00000, 0x0000000085c00000, 0x0000000085d00000|  0%| F|  |TS  0|AC  0|TAMS 0x0000000085c00000, 0x0000000085c00000|
|  73|0x0000000085d00000, 0x0000000085d00000, 0x0000000085e00000|  0%| F|  |TS  0|AC  0|TAMS 0x0000000085d00000, 0x0000000085d00000|
|  74|0x0000000085e00000, 0x0000000085e00000, 0x0000000085f00000|  0%| F|  |TS  0|AC  0|TAMS 0x0000000085e00000, 0x0000000085e00000|
|  75|0x0000000085f00000, 0x0000000085f00000, 0x0000000086000000|  0%| F|  |TS  0|AC  0|TAMS 0x0000000085f00000, 0x0000000085f00000|
|  76|0x0000000086000000, 0x0000000086000000, 0x0000000086100000|  0%| F|  |TS  0|AC  0|TAMS 0x0000000086000000, 0x0000000086000000|
|  77|0x0000000086100000, 0x0000000086100000, 0x0000000086200000|  0%| F|  |TS  0|AC  0|TAMS 0x0000000086100000, 0x0000000086100000|
|  78|0x0000000086200000, 0x0000000086200000, 0x0000000086300000|  0%| F|  |TS  0|AC  0|TAMS 0x0000000086200000, 0x0000000086200000|
|  79|0x0000000086300000, 0x0000000086300000, 0x0000000086400000|  0%| F|  |TS  0|AC  0|TAMS 0x0000000086300000, 0x0000000086300000|
|  80|0x0000000086400000, 0x0000000086400000, 0x0000000086500000|  0%| F|  |TS  0|AC  0|TAMS 0x0000000086400000, 0x0000000086400000|
|  81|0x0000000086500000, 0x0000000086500000, 0x0000000086600000|  0%| F|  |TS  0|AC  0|TAMS 0x0000000086500000, 0x0000000086500000|
|  82|0x0000000086600000, 0x0000000086600000, 0x0000000086700000|  0%| F|  |TS  0|AC  0|TAMS 0x0000000086600000, 0x0000000086600000|
|  83|0x0000000086700000, 0x0000000086700000, 0x0000000086800000|  0%| F|  |TS  0|AC  0|TAMS 0x0000000086700000, 0x0000000086700000|
|  84|0x0000000086800000, 0x0000000086800000, 0x0000000086900000|  0%| F|  |TS  0|AC  0|TAMS 0x0000000086800000, 0x0000000086800000|
|  85|0x0000000086900000, 0x0000000086900000, 0x0000000086a00000|  0%| F|  |TS  0|AC  0|TAMS 0x0000000086900000, 0x0000000086900000|
|  86|0x0000000086a00000, 0x0000000086a00000, 0x0000000086b00000|  0%| F|  |TS  0|AC  0|TAMS 0x0000000086a00000, 0x0000000086a00000|
|  87|0x0000000086b00000, 0x0000000086b00000, 0x0000000086c00000|  0%| F|  |TS  0|AC  0|TAMS 0x0000000086b00000, 0x0000000086b00000|
|  88|0x0000000086c00000, 0x0000000086c00000, 0x0000000086d00000|  0%| F|  |TS  0|AC  0|TAMS 0x0000000086c00000, 0x0000000086c00000|
|  89|0x0000000086d00000, 0x0000000086d00000, 0x0000000086e00000|  0%| F|  |TS  0|AC  0|TAMS 0x0000000086d00000, 0x0000000086d00000|
|  90|0x0000000086e00000, 0x0000000086e00000, 0x0000000086f00000|  0%| F|  |TS  0|AC  0|TAMS 0x0000000086e00000, 0x0000000086e00000|
|  91|0x0000000086f00000, 0x0000000086f00000, 0x0000000087000000|  0%| F|  |TS  0|AC  0|TAMS 0x0000000086f00000, 0x0000000086f00000|
|  92|0x0000000087000000, 0x0000000087000000, 0x0000000087100000|  0%| F|  |TS  0|AC  0|TAMS 0x0000000087000000, 0x0000000087000000|
|  93|0x0000000087100000, 0x0000000087100000, 0x0000000087200000|  0%| F|  |TS  0|AC  0|TAMS 0x0000000087100000, 0x0000000087100000|
|  94|0x0000000087200000, 0x0000000087200000, 0x0000000087300000|  0%| F|  |TS  0|AC  0|TAMS 0x0000000087200000, 0x0000000087200000|
|  95|0x0000000087300000, 0x0000000087300000, 0x0000000087400000|  0%| F|  |TS  0|AC  0|TAMS 0x0000000087300000, 0x0000000087300000|
|  96|0x0000000087400000, 0x0000000087400000, 0x0000000087500000|  0%| F|  |TS  0|AC  0|TAMS 0x0000000087400000, 0x0000000087400000|
|  97|0x0000000087500000, 0x0000000087500000, 0x0000000087600000|  0%| F|  |TS  0|AC  0|TAMS 0x0000000087500000, 0x0000000087500000|
|  98|0x0000000087600000, 0x0000000087600000, 0x0000000087700000|  0%| F|  |TS  0|AC  0|TAMS 0x0000000087600000, 0x0000000087600000|
|  99|0x0000000087700000, 0x0000000087700000, 0x0000000087800000|  0%| F|  |TS  0|AC  0|TAMS 0x0000000087700000, 0x0000000087700000|
| 100|0x0000000087800000, 0x0000000087800000, 0x0000000087900000|  0%| F|  |TS  0|AC  0|TAMS 0x0000000087800000, 0x0000000087800000|
| 101|0x0000000087900000, 0x0000000087900000, 0x0000000087a00000|  0%| F|  |TS  0|AC  0|TAMS 0x0000000087900000, 0x0000000087900000|
| 102|0x0000000087a00000, 0x0000000087a00000, 0x0000000087b00000|  0%| F|  |TS  0|AC  0|TAMS 0x0000000087a00000, 0x0000000087a00000|
| 103|0x0000000087b00000, 0x0000000087b00000, 0x0000000087c00000|  0%| F|  |TS  0|AC  0|TAMS 0x0000000087b00000, 0x0000000087b00000|
| 104|0x0000000087c00000, 0x0000000087c00000, 0x0000000087d00000|  0%| F|  |TS  0|AC  0|TAMS 0x0000000087c00000, 0x0000000087c00000|
| 105|0x0000000087d00000, 0x0000000087d00000, 0x0000000087e00000|  0%| F|  |TS  0|AC  0|TAMS 0x0000000087d00000, 0x0000000087d00000|
| 106|0x0000000087e00000, 0x0000000087e00000, 0x0000000087f00000|  0%| F|  |TS  0|AC  0|TAMS 0x0000000087e00000, 0x0000000087e00000|
| 107|0x0000000087f00000, 0x0000000087f00000, 0x0000000088000000|  0%| F|  |TS  0|AC  0|TAMS 0x0000000087f00000, 0x0000000087f00000|
| 108|0x0000000088000000, 0x0000000088000000, 0x0000000088100000|  0%| F|  |TS  0|AC  0|TAMS 0x0000000088000000, 0x0000000088000000|
| 109|0x0000000088100000, 0x0000000088100000, 0x0000000088200000|  0%| F|  |TS  0|AC  0|TAMS 0x0000000088100000, 0x0000000088100000|
| 110|0x0000000088200000, 0x0000000088200000, 0x0000000088300000|  0%| F|  |TS  0|AC  0|TAMS 0x0000000088200000, 0x0000000088200000|
| 111|0x0000000088300000, 0x0000000088300000, 0x0000000088400000|  0%| F|  |TS  0|AC  0|TAMS 0x0000000088300000, 0x0000000088300000|
| 112|0x0000000088400000, 0x0000000088400000, 0x0000000088500000|  0%| F|  |TS  0|AC  0|TAMS 0x0000000088400000, 0x0000000088400000|
| 113|0x0000000088500000, 0x0000000088500000, 0x0000000088600000|  0%| F|  |TS  0|AC  0|TAMS 0x0000000088500000, 0x0000000088500000|
| 114|0x0000000088600000, 0x0000000088600000, 0x0000000088700000|  0%| F|  |TS  0|AC  0|TAMS 0x0000000088600000, 0x0000000088600000|
| 115|0x0000000088700000, 0x0000000088700000, 0x0000000088800000|  0%| F|  |TS  0|AC  0|TAMS 0x0000000088700000, 0x0000000088700000|
| 116|0x0000000088800000, 0x0000000088800000, 0x0000000088900000|  0%| F|  |TS  0|AC  0|TAMS 0x0000000088800000, 0x0000000088800000|
| 117|0x0000000088900000, 0x0000000088900000, 0x0000000088a00000|  0%| F|  |TS  0|AC  0|TAMS 0x0000000088900000, 0x0000000088900000|
| 118|0x0000000088a00000, 0x0000000088a00000, 0x0000000088b00000|  0%| F|  |TS  0|AC  0|TAMS 0x0000000088a00000, 0x0000000088a00000|
| 119|0x0000000088b00000, 0x0000000088b00000, 0x0000000088c00000|  0%| F|  |TS  0|AC  0|TAMS 0x0000000088b00000, 0x0000000088b00000|
| 120|0x0000000088c00000, 0x0000000088c00000, 0x0000000088d00000|  0%| F|  |TS  0|AC  0|TAMS 0x0000000088c00000, 0x0000000088c00000|
| 121|0x0000000088d00000, 0x0000000088d00000, 0x0000000088e00000|  0%| F|  |TS  0|AC  0|TAMS 0x0000000088d00000, 0x0000000088d00000|
| 122|0x0000000088e00000, 0x0000000088e00000, 0x0000000088f00000|  0%| F|  |TS  0|AC  0|TAMS 0x0000000088e00000, 0x0000000088e00000|
| 123|0x0000000088f00000, 0x0000000088f00000, 0x0000000089000000|  0%| F|  |TS  0|AC  0|TAMS 0x0000000088f00000, 0x0000000088f00000|
| 124|0x0000000089000000, 0x0000000089100000, 0x0000000089100000|100%| E|  |TS  0|AC  0|TAMS 0x0000000089000000, 0x0000000089000000|
| 125|0x0000000089100000, 0x0000000089200000, 0x0000000089200000|100%| E|CS|TS  0|AC  0|TAMS 0x0000000089100000, 0x0000000089100000|
| 126|0x0000000089200000, 0x0000000089300000, 0x0000000089300000|100%| E|CS|TS  0|AC  0|TAMS 0x0000000089200000, 0x0000000089200000|
| 127|0x0000000089300000, 0x0000000089400000, 0x0000000089400000|100%| E|CS|TS  0|AC  0|TAMS 0x0000000089300000, 0x0000000089300000|

Card table byte_map: [0x000001ec749f0000,0x000001ec74df0000] byte_map_base: 0x000001ec745e6000

Marking Bits (Prev, Next): (CMBitMap*) 0x000001ec57e0e920, (CMBitMap*) 0x000001ec57e0e958
 Prev Bits: [0x000001ec751f0000, 0x000001ec771a0000)
 Next Bits: [0x000001ec771a0000, 0x000001ec79150000)

Polling page: 0x000001ec57cd0000

CodeHeap 'non-profiled nmethods': size=120000Kb used=76Kb max_used=76Kb free=119923Kb
 bounds [0x000001ec6cd90000, 0x000001ec6d000000, 0x000001ec742c0000]
CodeHeap 'profiled nmethods': size=120000Kb used=319Kb max_used=319Kb free=119680Kb
 bounds [0x000001ec65860000, 0x000001ec65ad0000, 0x000001ec6cd90000]
CodeHeap 'non-nmethods': size=5760Kb used=1024Kb max_used=1036Kb free=4735Kb
 bounds [0x000001ec652c0000, 0x000001ec65530000, 0x000001ec65860000]
 total_blobs=627 nmethods=234 adapters=212
 compilation: enabled

Compilation events (10 events):
Event: 10.826 Thread 0x000001ec7c523800  229       3       java.lang.StringLatin1::indexOf (25 bytes)
Event: 10.826 Thread 0x000001ec7c523800 nmethod 229 0x000001ec658ad990 code [0x000001ec658adb60, 0x000001ec658add90]
Event: 10.827 Thread 0x000001ec7c523800  231       3       java.lang.StringLatin1::replace (196 bytes)
Event: 10.827 Thread 0x000001ec7c523800 nmethod 231 0x000001ec658ade90 code [0x000001ec658ae100, 0x000001ec658aed80]
Event: 10.827 Thread 0x000001ec7c523800  232       1       java.util.zip.Inflater$InflaterZStreamRef::address (5 bytes)
Event: 10.827 Thread 0x000001ec7c523800 nmethod 232 0x000001ec6cda2e10 code [0x000001ec6cda2fc0, 0x000001ec6cda30d8]
Event: 10.828 Thread 0x000001ec7c523800  233       3       java.lang.AbstractStringBuilder::newCapacity (55 bytes)
Event: 10.828 Thread 0x000001ec7c523800 nmethod 233 0x000001ec658af210 code [0x000001ec658af3e0, 0x000001ec658af670]
Event: 10.830 Thread 0x000001ec7c523800  234       3       java.lang.ref.Reference::<init> (25 bytes)
Event: 10.830 Thread 0x000001ec7c523800 nmethod 234 0x000001ec658af790 code [0x000001ec658af960, 0x000001ec658afc38]

GC Heap History (0 events):
No events

Deoptimization events (2 events):
Event: 0.151 Thread 0x000001ec59f3b000 Uncommon trap: reason=unstable_if action=reinterpret pc=0x000001ec6cd92ef0 method=java.lang.String.hashCode()I @ 14 c2
Event: 0.162 Thread 0x000001ec59f3b000 Uncommon trap: reason=unstable_if action=reinterpret pc=0x000001ec6cd988f8 method=java.lang.String.isLatin1()Z @ 10 c2

Classes redefined (0 events):
No events

Internal exceptions (4 events):
Event: 0.210 Thread 0x000001ec59f3b000 Exception <a 'java/io/FileNotFoundException'{0x0000000089152308}> (0x0000000089152308) thrown at [t:/workspace/open/src/hotspot/share/prims/jni.cpp, line 611]
Event: 5.568 Thread 0x000001ec59f3b000 Exception <a 'java/io/FileNotFoundException'{0x0000000089163f58}> (0x0000000089163f58) thrown at [t:/workspace/open/src/hotspot/share/prims/jni.cpp, line 611]
Event: 5.569 Thread 0x000001ec59f3b000 Exception <a 'java/io/FileNotFoundException'{0x0000000089172480}> (0x0000000089172480) thrown at [t:/workspace/open/src/hotspot/share/prims/jni.cpp, line 611]
Event: 10.826 Thread 0x000001ec59f3b000 Exception <a 'java/io/FileNotFoundException'{0x00000000891febb8}> (0x00000000891febb8) thrown at [t:/workspace/open/src/hotspot/share/prims/jni.cpp, line 611]

Events (10 events):
Event: 10.829 loading class gnu/io/UnSupportedLoggerException
Event: 10.829 loading class gnu/io/UnSupportedLoggerException done
Event: 10.830 loading class java/lang/IndexOutOfBoundsException
Event: 10.830 loading class java/lang/IndexOutOfBoundsException done
Event: 10.862 loading class gnu/io/RXTXPort$MonitorThread
Event: 10.862 loading class gnu/io/RXTXPort$MonitorThread done
Event: 10.863 Thread 0x000001ec7c814000 Thread added: 0x000001ec7c814000
Event: 10.868 Thread 0x000001ec7c874800 Thread added: 0x000001ec7c874800
Event: 10.868 Thread 0x000001ec59f3b000 Thread exited: 0x000001ec59f3b000
Event: 10.869 Thread 0x000001ec59f3b000 Thread added: 0x000001ec59f3b000


Dynamic libraries:
0x00007ff617850000 - 0x00007ff61788e000 	C:\Program Files\Java\jdk-10.0.2\bin\java.exe
0x00007ff935db0000 - 0x00007ff935f91000 	C:\WINDOWS\SYSTEM32\ntdll.dll
0x00007ff935330000 - 0x00007ff9353e1000 	C:\WINDOWS\System32\KERNEL32.DLL
0x00007ff932dd0000 - 0x00007ff933043000 	C:\WINDOWS\System32\KERNELBASE.dll
0x00007ff9353f0000 - 0x00007ff935491000 	C:\WINDOWS\System32\ADVAPI32.dll
0x00007ff934f70000 - 0x00007ff93500e000 	C:\WINDOWS\System32\msvcrt.dll
0x00007ff9332a0000 - 0x00007ff9332fb000 	C:\WINDOWS\System32\sechost.dll
0x00007ff935c50000 - 0x00007ff935d74000 	C:\WINDOWS\System32\RPCRT4.dll
0x00007ff935010000 - 0x00007ff9351a0000 	C:\WINDOWS\System32\USER32.dll
0x00007ff932cb0000 - 0x00007ff932cd0000 	C:\WINDOWS\System32\win32u.dll
0x00007ff933320000 - 0x00007ff933348000 	C:\WINDOWS\System32\GDI32.dll
0x00007ff932330000 - 0x00007ff9324c2000 	C:\WINDOWS\System32\gdi32full.dll
0x00007ff932cd0000 - 0x00007ff932d6f000 	C:\WINDOWS\System32\msvcp_win.dll
0x00007ff932230000 - 0x00007ff932328000 	C:\WINDOWS\System32\ucrtbase.dll
0x00007ff92d640000 - 0x00007ff92d64a000 	C:\WINDOWS\SYSTEM32\VERSION.dll
0x00007ff924ac0000 - 0x00007ff924d29000 	C:\WINDOWS\WinSxS\amd64_microsoft.windows.common-controls_6595b64144ccf1df_6.0.17134.706_none_fb43a2cb30647007\COMCTL32.dll
0x00007ff934830000 - 0x00007ff934b52000 	C:\WINDOWS\System32\combase.dll
0x00007ff932520000 - 0x00007ff93259a000 	C:\WINDOWS\System32\bcryptPrimitives.dll
0x00007ff935a50000 - 0x00007ff935a7d000 	C:\WINDOWS\System32\IMM32.DLL
0x00007ff8f76a0000 - 0x00007ff8f778f000 	C:\Program Files\Java\jdk-10.0.2\bin\msvcr120.dll
0x00007ff8f7250000 - 0x00007ff8f72f6000 	C:\Program Files\Java\jdk-10.0.2\bin\msvcp120.dll
0x0000000077590000 - 0x0000000078000000 	C:\Program Files\Java\jdk-10.0.2\bin\server\jvm.dll
0x00007ff9351a0000 - 0x00007ff9351a8000 	C:\WINDOWS\System32\PSAPI.DLL
0x00007ff917820000 - 0x00007ff917829000 	C:\WINDOWS\SYSTEM32\WSOCK32.dll
0x00007ff930180000 - 0x00007ff9301a3000 	C:\WINDOWS\SYSTEM32\WINMM.dll
0x00007ff934d60000 - 0x00007ff934dcc000 	C:\WINDOWS\System32\WS2_32.dll
0x00007ff930150000 - 0x00007ff93017a000 	C:\WINDOWS\SYSTEM32\WINMMBASE.dll
0x00007ff9324d0000 - 0x00007ff932519000 	C:\WINDOWS\System32\cfgmgr32.dll
0x00007ff930340000 - 0x00007ff93034f000 	C:\Program Files\Java\jdk-10.0.2\bin\verify.dll
0x00007ff92d060000 - 0x00007ff92d229000 	C:\WINDOWS\SYSTEM32\DBGHELP.DLL
0x00007ff92cdd0000 - 0x00007ff92cdf9000 	C:\WINDOWS\SYSTEM32\dbgcore.DLL
0x00007ff92e170000 - 0x00007ff92e197000 	C:\Program Files\Java\jdk-10.0.2\bin\java.dll
0x00007ff91f070000 - 0x00007ff91f09a000 	C:\Program Files\Java\jdk-10.0.2\bin\instrument.dll
0x00007ff9252d0000 - 0x00007ff9252e6000 	C:\Program Files\Java\jdk-10.0.2\bin\zip.dll
0x00007ff92d450000 - 0x00007ff92d45a000 	C:\Program Files\Java\jdk-10.0.2\bin\jimage.dll
0x00007ff933350000 - 0x00007ff934790000 	C:\WINDOWS\System32\SHELL32.dll
0x00007ff934df0000 - 0x00007ff934e99000 	C:\WINDOWS\System32\shcore.dll
0x00007ff9325a0000 - 0x00007ff932cad000 	C:\WINDOWS\System32\windows.storage.dll
0x00007ff935bf0000 - 0x00007ff935c41000 	C:\WINDOWS\System32\shlwapi.dll
0x00007ff932140000 - 0x00007ff932151000 	C:\WINDOWS\System32\kernel.appcore.dll
0x00007ff932160000 - 0x00007ff93217f000 	C:\WINDOWS\System32\profapi.dll
0x00007ff9320c0000 - 0x00007ff93210c000 	C:\WINDOWS\System32\powrprof.dll
0x00007ff932110000 - 0x00007ff93211a000 	C:\WINDOWS\System32\FLTLIB.DLL
0x00007ff917a50000 - 0x00007ff917a6a000 	C:\Program Files\Java\jdk-10.0.2\bin\net.dll
0x00007ff9291c0000 - 0x00007ff92929d000 	C:\WINDOWS\SYSTEM32\WINHTTP.dll
0x00007ff931940000 - 0x00007ff9319a6000 	C:\WINDOWS\system32\mswsock.dll
0x00007ff9179d0000 - 0x00007ff9179e1000 	C:\Program Files\Java\jdk-10.0.2\bin\nio.dll
0x00007ff9154f0000 - 0x00007ff91550a000 	C:\Program Files\JetBrains\IntelliJ IDEA 2018.2.2\bin\breakgen64.dll
0x0000000180000000 - 0x0000000180025000 	C:\Users\Asama\Desktop\sensorSimulator_datakommunication\rxtxSerial.dll

dbghelp: loaded successfully - version: 4.0.5 - missing functions: none
symbol engine: initialized successfully - sym options: 0x614 - pdb path: .;C:\Program Files\Java\jdk-10.0.2\bin;C:\WINDOWS\SYSTEM32;C:\WINDOWS\WinSxS\amd64_microsoft.windows.common-controls_6595b64144ccf1df_6.0.17134.706_none_fb43a2cb30647007;C:\Program Files\Java\jdk-10.0.2\bin\server;C:\Program Files\JetBrains\IntelliJ IDEA 2018.2.2\bin;C:\Users\Asama\Desktop\sensorSimulator_datakommunication

VM Arguments:
jvm_args: -Djava.library.path=C:\Users\Asama\Desktop\sensorSimulator_datakommunication -javaagent:C:\Program Files\JetBrains\IntelliJ IDEA 2018.2.2\lib\idea_rt.jar=56752:C:\Program Files\JetBrains\IntelliJ IDEA 2018.2.2\bin -Dfile.encoding=UTF-8 
java_command: SerialTest
java_class_path (initial): C:\Users\Asama\Desktop\sensorSimulator_datakommunication\out\production\sensorSimulator_datakommunication;C:\Users\Asama\Desktop\sensorSimulator_datakommunication\RXTXcomm.jar
Launcher Type: SUN_STANDARD

Logging:
Log output configuration:
#0: stdout all=warning uptime,level,tags
#1: stderr all=off uptime,level,tags

Environment Variables:
PATH=c:\MinGW\bin;c:\MinGW\libexec\gcc\x86_64-w64-mingw32\8.2.0;c:\MinGW\libexec\gcc\i686-pc-mingw32\6.3.0;C:\gcc\bin;C:\gcc\libexec\gcc\x86_64-pc-mingw32\5.3.0;C:\Users\Asama\gcc\bin;C:\Users\Asama\gcc\libexec\gcc\x86_64-pc-mingw32\5.3.0;C:\Program Files (x86)\Common Files\Oracle\Java\javapath;C:\Program Files (x86)\Razer Chroma SDK\bin;C:\Program Files\Razer Chroma SDK\bin;C:\Program Files (x86)\Common Files\Intel\Shared Libraries\redist\intel64\compiler;C:\ProgramData\Oracle\Java\javapath;C:\Program Files (x86)\Intel\iCLS Client\;C:\Program Files\Intel\iCLS Client\;C:\Windows\system32;C:\Windows;C:\Windows\System32\Wbem;C:\Windows\System32\WindowsPowerShell\v1.0\;C:\Program Files (x86)\Windows Live\Shared;C:\Program Files\Intel\Intel(R) Management Engine Components\DAL;C:\Program Files\Intel\Intel(R) Management Engine Components\IPT;C:\Program Files (x86)\Intel\Intel(R) Management Engine Components\DAL;C:\Program Files (x86)\Intel\Intel(R) Management Engine Components\IPT;C:\Program Files\Intel\WiFi\bin\;C:\Program Files\Common Files\Intel\WirelessCommon\;C:\Program Files (x86)\NVIDIA Corporation\PhysX\Common;C:\Program Files (x86)\QuickTime\QTSystem\;C:\WINDOWS\system32;C:\WINDOWS;C:\WINDOWS\System32\Wbem;C:\WINDOWS\System32\WindowsPowerShell\v1.0\;C:\Program Files (x86)\Skype\Phone\;C:\WINDOWS\system32\config\systemprofile\AppData\Local\Microsoft\WindowsApps;C:\WINDOWS\system32;C:\WINDOWS;C:\WINDOWS\System32\Wbem;C:\WINDOWS\System32\WindowsPowerShell\v1.0\;C:\WINDOWS\System32\OpenSSH\;C:\Program Files\Git\cmd;C:\Users\Asama\AppData\Local\Microsoft\WindowsApps;;C:\SysGCC\raspberry\bin
USERNAME=Asama
OS=Windows_NT
PROCESSOR_IDENTIFIER=Intel64 Family 6 Model 60 Stepping 3, GenuineIntel



---------------  S Y S T E M  ---------------

OS: Windows 10 , 64 bit Build 17134 (10.0.17134.706)

CPU:total 8 (initial active 8) (4 cores per cpu, 2 threads per core) family 6 model 60 stepping 3, cmov, cx8, fxsr, mmx, sse, sse2, sse3, ssse3, sse4.1, sse4.2, popcnt, avx, avx2, aes, clmul, erms, lzcnt, ht, tsc, tscinvbit, bmi1, bmi2, fma

Memory: 4k page, physical 8305884k(1358016k free), swap 13105992k(2746384k free)

vm_info: Java HotSpot(TM) 64-Bit Server VM (10.0.2+13) for windows-amd64 JRE (10.0.2+13), built on Jun 28 2018 01:57:56 by "mach5one" with MS VC++ 12.0 (VS2013)

END.
